<?xml version="1.0" encoding="UTF-8" ?>
<testsuite failures="0" time="0.007" errors="0" skipped="0" tests="1" name="com.wookler.common.AppTest">
  <properties>
    <property name="java.runtime.name" value="Java(TM) SE Runtime Environment"/>
    <property name="sun.boot.library.path" value="/System/Library/Java/JavaVirtualMachines/1.6.0.jdk/Contents/Libraries"/>
    <property name="java.vm.version" value="20.8-b03-424"/>
    <property name="awt.nativeDoubleBuffering" value="true"/>
    <property name="gopherProxySet" value="false"/>
    <property name="mrj.build" value="11M3720"/>
    <property name="java.vm.vendor" value="Apple Inc."/>
    <property name="java.vendor.url" value="http://www.apple.com/"/>
    <property name="path.separator" value=":"/>
    <property name="java.vm.name" value="Java HotSpot(TM) 64-Bit Server VM"/>
    <property name="file.encoding.pkg" value="sun.io"/>
    <property name="user.country" value="US"/>
    <property name="sun.java.launcher" value="SUN_STANDARD"/>
    <property name="sun.os.patch.level" value="unknown"/>
    <property name="java.vm.specification.name" value="Java Virtual Machine Specification"/>
    <property name="user.dir" value="/Work/projects/wookler-server/model"/>
    <property name="java.runtime.version" value="1.6.0_33-b03-424-11M3720"/>
    <property name="java.awt.graphicsenv" value="apple.awt.CGraphicsEnvironment"/>
    <property name="basedir" value="/Work/projects/wookler-server/model"/>
    <property name="java.endorsed.dirs" value="/System/Library/Java/JavaVirtualMachines/1.6.0.jdk/Contents/Home/lib/endorsed"/>
    <property name="os.arch" value="x86_64"/>
    <property name="surefire.real.class.path" value="/Work/projects/wookler-server/model/target/surefire/surefirebooter8868989669132290757.jar"/>
    <property name="java.io.tmpdir" value="/var/folders/c5/ng8lbl95383dcdnrgr_rg5q00000gn/T/"/>
    <property name="line.separator" value="
"/>
    <property name="java.vm.specification.vendor" value="Sun Microsystems Inc."/>
    <property name="os.name" value="Mac OS X"/>
    <property name="sun.jnu.encoding" value="MacRoman"/>
    <property name="java.library.path" value=".:/Library/Java/Extensions:/System/Library/Java/Extensions:/usr/lib/java"/>
    <property name="surefire.test.class.path" value="/Work/projects/wookler-server/model/target/test-classes:/Work/projects/wookler-server/model/target/classes:/Users/subhagho/.m2/repository/junit/junit/3.8.1/junit-3.8.1.jar:/Users/subhagho/.m2/repository/org/slf4j/slf4j-api/1.6.4/slf4j-api-1.6.4.jar:/Users/subhagho/.m2/repository/ch/qos/logback/logback-core/1.0.6/logback-core-1.0.6.jar:/Users/subhagho/.m2/repository/ch/qos/logback/logback-classic/1.0.6/logback-classic-1.0.6.jar:/Users/subhagho/.m2/repository/ch/qos/logback/logback-access/1.0.6/logback-access-1.0.6.jar:/Users/subhagho/.m2/repository/com/sqewd/open/dal/0.0.1-SNAPSHOT/dal-0.0.1-SNAPSHOT.jar:/Users/subhagho/.m2/repository/com/sun/jersey/jersey-bundle/1.8/jersey-bundle-1.8.jar:/Users/subhagho/.m2/repository/javax/ws/rs/jsr311-api/1.1.1/jsr311-api-1.1.1.jar:/Users/subhagho/.m2/repository/org/eclipse/jetty/jetty-server/8.1.4.v20120524/jetty-server-8.1.4.v20120524.jar:/Users/subhagho/.m2/repository/org/eclipse/jetty/orbit/javax.servlet/3.0.0.v201112011016/javax.servlet-3.0.0.v201112011016.jar:/Users/subhagho/.m2/repository/org/eclipse/jetty/jetty-continuation/8.1.4.v20120524/jetty-continuation-8.1.4.v20120524.jar:/Users/subhagho/.m2/repository/org/eclipse/jetty/jetty-http/8.1.4.v20120524/jetty-http-8.1.4.v20120524.jar:/Users/subhagho/.m2/repository/org/eclipse/jetty/jetty-io/8.1.4.v20120524/jetty-io-8.1.4.v20120524.jar:/Users/subhagho/.m2/repository/org/eclipse/jetty/jetty-servlet/8.1.4.v20120524/jetty-servlet-8.1.4.v20120524.jar:/Users/subhagho/.m2/repository/org/eclipse/jetty/jetty-security/8.1.4.v20120524/jetty-security-8.1.4.v20120524.jar:/Users/subhagho/.m2/repository/org/eclipse/jetty/jetty-webapp/8.1.4.v20120524/jetty-webapp-8.1.4.v20120524.jar:/Users/subhagho/.m2/repository/org/eclipse/jetty/jetty-xml/8.1.4.v20120524/jetty-xml-8.1.4.v20120524.jar:/Users/subhagho/.m2/repository/org/eclipse/jetty/jetty-util/8.1.4.v20120524/jetty-util-8.1.4.v20120524.jar:/Users/subhagho/.m2/repository/org/mortbay/jetty/jsp-2.1-glassfish/9.1.02.B04.p0/jsp-2.1-glassfish-9.1.02.B04.p0.jar:/Users/subhagho/.m2/repository/org/eclipse/jdt/core/3.1.1/core-3.1.1.jar:/Users/subhagho/.m2/repository/org/mortbay/jetty/jsp-api-2.1-glassfish/9.1.02.B04.p0/jsp-api-2.1-glassfish-9.1.02.B04.p0.jar:/Users/subhagho/.m2/repository/org/mortbay/jetty/servlet-api/3.0.pre1/servlet-api-3.0.pre1.jar:/Users/subhagho/.m2/repository/ant/ant/1.6.5/ant-1.6.5.jar:/Users/subhagho/.m2/repository/commons-configuration/commons-configuration/1.8/commons-configuration-1.8.jar:/Users/subhagho/.m2/repository/commons-lang/commons-lang/2.6/commons-lang-2.6.jar:/Users/subhagho/.m2/repository/commons-logging/commons-logging/1.1.1/commons-logging-1.1.1.jar:/Users/subhagho/.m2/repository/commons-beanutils/commons-beanutils/1.8.3/commons-beanutils-1.8.3.jar:/Users/subhagho/.m2/repository/com/fasterxml/jackson/core/jackson-core/2.0.4/jackson-core-2.0.4.jar:/Users/subhagho/.m2/repository/com/fasterxml/jackson/core/jackson-databind/2.0.4/jackson-databind-2.0.4.jar:/Users/subhagho/.m2/repository/com/fasterxml/jackson/core/jackson-annotations/2.0.4/jackson-annotations-2.0.4.jar:/Users/subhagho/.m2/repository/com/fasterxml/jackson/jaxrs/jackson-jaxrs-json-provider/2.0.4/jackson-jaxrs-json-provider-2.0.4.jar:/Users/subhagho/.m2/repository/com/fasterxml/jackson/module/jackson-module-jaxb-annotations/2.0.4/jackson-module-jaxb-annotations-2.0.4.jar:/Users/subhagho/.m2/repository/com/fasterxml/jackson/jaxrs/jackson-jaxrs-xml-provider/2.0.3/jackson-jaxrs-xml-provider-2.0.3.jar:/Users/subhagho/.m2/repository/com/fasterxml/jackson/dataformat/jackson-dataformat-xml/2.0.4/jackson-dataformat-xml-2.0.4.jar:/Users/subhagho/.m2/repository/org/codehaus/woodstox/stax2-api/3.1.1/stax2-api-3.1.1.jar:/Users/subhagho/.m2/repository/javax/xml/stream/stax-api/1.0-2/stax-api-1.0-2.jar:/Users/subhagho/.m2/repository/com/h2database/h2/1.3.167/h2-1.3.167.jar:/Users/subhagho/.m2/repository/net/sf/opencsv/opencsv/2.0/opencsv-2.0.jar:/Users/subhagho/.m2/repository/args4j/args4j/2.0.16/args4j-2.0.16.jar:/Users/subhagho/.m2/repository/asm/asm/3.3.1/asm-3.3.1.jar:/Users/subhagho/.m2/repository/com/sun/jersey/contribs/jersey-multipart/1.8/jersey-multipart-1.8.jar:/Users/subhagho/.m2/repository/org/jvnet/mimepull/1.4/mimepull-1.4.jar:/Users/subhagho/.m2/repository/com/sun/jersey/jersey-core/1.8/jersey-core-1.8.jar:/Users/subhagho/.m2/repository/org/reflections/reflections/0.9.8/reflections-0.9.8.jar:/Users/subhagho/.m2/repository/com/google/guava/guava/11.0.2/guava-11.0.2.jar:/Users/subhagho/.m2/repository/com/google/code/findbugs/jsr305/1.3.9/jsr305-1.3.9.jar:/Users/subhagho/.m2/repository/javassist/javassist/3.12.1.GA/javassist-3.12.1.GA.jar:/Users/subhagho/.m2/repository/dom4j/dom4j/1.6.1/dom4j-1.6.1.jar:/Users/subhagho/.m2/repository/xml-apis/xml-apis/1.0.b2/xml-apis-1.0.b2.jar:"/>
    <property name="java.specification.name" value="Java Platform API Specification"/>
    <property name="java.class.version" value="50.0"/>
    <property name="sun.management.compiler" value="HotSpot 64-Bit Tiered Compilers"/>
    <property name="os.version" value="10.7.4"/>
    <property name="http.nonProxyHosts" value="local|*.local|169.254/16|*.169.254/16"/>
    <property name="user.home" value="/Users/subhagho"/>
    <property name="user.timezone" value=""/>
    <property name="java.awt.printerjob" value="apple.awt.CPrinterJob"/>
    <property name="java.specification.version" value="1.6"/>
    <property name="file.encoding" value="MacRoman"/>
    <property name="user.name" value="subhagho"/>
    <property name="java.class.path" value="/Work/projects/wookler-server/model/target/test-classes:/Work/projects/wookler-server/model/target/classes:/Users/subhagho/.m2/repository/junit/junit/3.8.1/junit-3.8.1.jar:/Users/subhagho/.m2/repository/org/slf4j/slf4j-api/1.6.4/slf4j-api-1.6.4.jar:/Users/subhagho/.m2/repository/ch/qos/logback/logback-core/1.0.6/logback-core-1.0.6.jar:/Users/subhagho/.m2/repository/ch/qos/logback/logback-classic/1.0.6/logback-classic-1.0.6.jar:/Users/subhagho/.m2/repository/ch/qos/logback/logback-access/1.0.6/logback-access-1.0.6.jar:/Users/subhagho/.m2/repository/com/sqewd/open/dal/0.0.1-SNAPSHOT/dal-0.0.1-SNAPSHOT.jar:/Users/subhagho/.m2/repository/com/sun/jersey/jersey-bundle/1.8/jersey-bundle-1.8.jar:/Users/subhagho/.m2/repository/javax/ws/rs/jsr311-api/1.1.1/jsr311-api-1.1.1.jar:/Users/subhagho/.m2/repository/org/eclipse/jetty/jetty-server/8.1.4.v20120524/jetty-server-8.1.4.v20120524.jar:/Users/subhagho/.m2/repository/org/eclipse/jetty/orbit/javax.servlet/3.0.0.v201112011016/javax.servlet-3.0.0.v201112011016.jar:/Users/subhagho/.m2/repository/org/eclipse/jetty/jetty-continuation/8.1.4.v20120524/jetty-continuation-8.1.4.v20120524.jar:/Users/subhagho/.m2/repository/org/eclipse/jetty/jetty-http/8.1.4.v20120524/jetty-http-8.1.4.v20120524.jar:/Users/subhagho/.m2/repository/org/eclipse/jetty/jetty-io/8.1.4.v20120524/jetty-io-8.1.4.v20120524.jar:/Users/subhagho/.m2/repository/org/eclipse/jetty/jetty-servlet/8.1.4.v20120524/jetty-servlet-8.1.4.v20120524.jar:/Users/subhagho/.m2/repository/org/eclipse/jetty/jetty-security/8.1.4.v20120524/jetty-security-8.1.4.v20120524.jar:/Users/subhagho/.m2/repository/org/eclipse/jetty/jetty-webapp/8.1.4.v20120524/jetty-webapp-8.1.4.v20120524.jar:/Users/subhagho/.m2/repository/org/eclipse/jetty/jetty-xml/8.1.4.v20120524/jetty-xml-8.1.4.v20120524.jar:/Users/subhagho/.m2/repository/org/eclipse/jetty/jetty-util/8.1.4.v20120524/jetty-util-8.1.4.v20120524.jar:/Users/subhagho/.m2/repository/org/mortbay/jetty/jsp-2.1-glassfish/9.1.02.B04.p0/jsp-2.1-glassfish-9.1.02.B04.p0.jar:/Users/subhagho/.m2/repository/org/eclipse/jdt/core/3.1.1/core-3.1.1.jar:/Users/subhagho/.m2/repository/org/mortbay/jetty/jsp-api-2.1-glassfish/9.1.02.B04.p0/jsp-api-2.1-glassfish-9.1.02.B04.p0.jar:/Users/subhagho/.m2/repository/org/mortbay/jetty/servlet-api/3.0.pre1/servlet-api-3.0.pre1.jar:/Users/subhagho/.m2/repository/ant/ant/1.6.5/ant-1.6.5.jar:/Users/subhagho/.m2/repository/commons-configuration/commons-configuration/1.8/commons-configuration-1.8.jar:/Users/subhagho/.m2/repository/commons-lang/commons-lang/2.6/commons-lang-2.6.jar:/Users/subhagho/.m2/repository/commons-logging/commons-logging/1.1.1/commons-logging-1.1.1.jar:/Users/subhagho/.m2/repository/commons-beanutils/commons-beanutils/1.8.3/commons-beanutils-1.8.3.jar:/Users/subhagho/.m2/repository/com/fasterxml/jackson/core/jackson-core/2.0.4/jackson-core-2.0.4.jar:/Users/subhagho/.m2/repository/com/fasterxml/jackson/core/jackson-databind/2.0.4/jackson-databind-2.0.4.jar:/Users/subhagho/.m2/repository/com/fasterxml/jackson/core/jackson-annotations/2.0.4/jackson-annotations-2.0.4.jar:/Users/subhagho/.m2/repository/com/fasterxml/jackson/jaxrs/jackson-jaxrs-json-provider/2.0.4/jackson-jaxrs-json-provider-2.0.4.jar:/Users/subhagho/.m2/repository/com/fasterxml/jackson/module/jackson-module-jaxb-annotations/2.0.4/jackson-module-jaxb-annotations-2.0.4.jar:/Users/subhagho/.m2/repository/com/fasterxml/jackson/jaxrs/jackson-jaxrs-xml-provider/2.0.3/jackson-jaxrs-xml-provider-2.0.3.jar:/Users/subhagho/.m2/repository/com/fasterxml/jackson/dataformat/jackson-dataformat-xml/2.0.4/jackson-dataformat-xml-2.0.4.jar:/Users/subhagho/.m2/repository/org/codehaus/woodstox/stax2-api/3.1.1/stax2-api-3.1.1.jar:/Users/subhagho/.m2/repository/javax/xml/stream/stax-api/1.0-2/stax-api-1.0-2.jar:/Users/subhagho/.m2/repository/com/h2database/h2/1.3.167/h2-1.3.167.jar:/Users/subhagho/.m2/repository/net/sf/opencsv/opencsv/2.0/opencsv-2.0.jar:/Users/subhagho/.m2/repository/args4j/args4j/2.0.16/args4j-2.0.16.jar:/Users/subhagho/.m2/repository/asm/asm/3.3.1/asm-3.3.1.jar:/Users/subhagho/.m2/repository/com/sun/jersey/contribs/jersey-multipart/1.8/jersey-multipart-1.8.jar:/Users/subhagho/.m2/repository/org/jvnet/mimepull/1.4/mimepull-1.4.jar:/Users/subhagho/.m2/repository/com/sun/jersey/jersey-core/1.8/jersey-core-1.8.jar:/Users/subhagho/.m2/repository/org/reflections/reflections/0.9.8/reflections-0.9.8.jar:/Users/subhagho/.m2/repository/com/google/guava/guava/11.0.2/guava-11.0.2.jar:/Users/subhagho/.m2/repository/com/google/code/findbugs/jsr305/1.3.9/jsr305-1.3.9.jar:/Users/subhagho/.m2/repository/javassist/javassist/3.12.1.GA/javassist-3.12.1.GA.jar:/Users/subhagho/.m2/repository/dom4j/dom4j/1.6.1/dom4j-1.6.1.jar:/Users/subhagho/.m2/repository/xml-apis/xml-apis/1.0.b2/xml-apis-1.0.b2.jar:"/>
    <property name="java.vm.specification.version" value="1.0"/>
    <property name="sun.arch.data.model" value="64"/>
    <property name="java.home" value="/System/Library/Java/JavaVirtualMachines/1.6.0.jdk/Contents/Home"/>
    <property name="sun.java.command" value="/Work/projects/wookler-server/model/target/surefire/surefirebooter8868989669132290757.jar /Work/projects/wookler-server/model/target/surefire/surefire5162090963084322975tmp /Work/projects/wookler-server/model/target/surefire/surefire7632285197277988178tmp"/>
    <property name="java.specification.vendor" value="Sun Microsystems Inc."/>
    <property name="user.language" value="en"/>
    <property name="awt.toolkit" value="apple.awt.CToolkit"/>
    <property name="java.vm.info" value="mixed mode"/>
    <property name="java.version" value="1.6.0_33"/>
    <property name="java.ext.dirs" value="/Library/Java/Extensions:/System/Library/Java/Extensions:/System/Library/Java/JavaVirtualMachines/1.6.0.jdk/Contents/Home/lib/ext"/>
    <property name="sun.boot.class.path" value="/System/Library/Java/JavaVirtualMachines/1.6.0.jdk/Contents/Classes/jsfd.jar:/System/Library/Java/JavaVirtualMachines/1.6.0.jdk/Contents/Classes/classes.jar:/System/Library/Frameworks/JavaVM.framework/Frameworks/JavaRuntimeSupport.framework/Resources/Java/JavaRuntimeSupport.jar:/System/Library/Java/JavaVirtualMachines/1.6.0.jdk/Contents/Classes/ui.jar:/System/Library/Java/JavaVirtualMachines/1.6.0.jdk/Contents/Classes/laf.jar:/System/Library/Java/JavaVirtualMachines/1.6.0.jdk/Contents/Classes/sunrsasign.jar:/System/Library/Java/JavaVirtualMachines/1.6.0.jdk/Contents/Classes/jsse.jar:/System/Library/Java/JavaVirtualMachines/1.6.0.jdk/Contents/Classes/jce.jar:/System/Library/Java/JavaVirtualMachines/1.6.0.jdk/Contents/Classes/charsets.jar"/>
    <property name="java.vendor" value="Apple Inc."/>
    <property name="localRepository" value="/Users/subhagho/.m2/repository"/>
    <property name="file.separator" value="/"/>
    <property name="java.vendor.url.bug" value="http://bugreport.apple.com/"/>
    <property name="sun.cpu.endian" value="little"/>
    <property name="sun.io.unicode.encoding" value="UnicodeLittle"/>
    <property name="mrj.version" value="1070.1.6.0_33-424"/>
    <property name="socksNonProxyHosts" value="local|*.local|169.254/16|*.169.254/16"/>
    <property name="ftp.nonProxyHosts" value="local|*.local|169.254/16|*.169.254/16"/>
    <property name="sun.cpu.isalist" value=""/>
  </properties>
  <testcase time="0.001" classname="com.wookler.common.AppTest" name="testApp"/>
</testsuite>